<?xml version="1.0" encoding="UTF-8"?>
<!-- Generated by org.testng.reporters.JUnitReportReporter -->
<testsuite hostname="DESKTOP-MB1K03S" failures="0" tests="1" name="demoPackage.DemoTest" time="4.139" errors="0" timestamp="2024-03-21T09:43:05 IST" skipped="0">
  <testcase classname="demoPackage.DemoTest" name="test1" time="4.139"/>
</testsuite> <!-- demoPackage.DemoTest -->
